Using pre-set license
Built from '2021.1/staging' branch; Version is '2021.1.14f1 (51d2f824827f) revision 5362424'; Using compiler version '192528614'; Build Type 'Release'
OS: 'Windows 10 Pro; OS build 19042.1348; Version 2009; 64bit' Language: 'en' Physical Memory: 8126 MB
BatchMode: 1, IsHumanControllingUs: 0, StartBugReporterOnCrash: 0, Is64bit: 1, IsPro: 0

 COMMAND LINE ARGUMENTS:
C:\2021.1.14f1\Editor\Unity.exe
-adb2
-batchMode
-noUpm
-name
AssetImportWorker0
-projectPath
C:/Users/MrLeoking16/Desktop/Unity Projects/Unity Projects/Project Mecula
-logFile
Logs/AssetImportWorker0.log
-srvPort
2328
Successfully changed project path to: C:/Users/MrLeoking16/Desktop/Unity Projects/Unity Projects/Project Mecula
C:/Users/MrLeoking16/Desktop/Unity Projects/Unity Projects/Project Mecula
Using Asset Import Pipeline V2.
Refreshing native plugins compatible for Editor in 104.67 ms, found 3 plugins.
Preloading 0 native plugins for Editor in 0.00 ms.
Initialize engine version: 2021.1.14f1 (51d2f824827f)
[Subsystems] Discovering subsystems at path C:/2021.1.14f1/Editor/Data/Resources/UnitySubsystems
[Subsystems] Discovering subsystems at path C:/Users/MrLeoking16/Desktop/Unity Projects/Unity Projects/Project Mecula/Assets
GfxDevice: creating device client; threaded=0; jobified=0
Direct3D:
    Version:  Direct3D 11.0 [level 11.1]
    Renderer: NVIDIA GeForce GTX 1050 Ti (ID=0x1c82)
    Vendor:   NVIDIA
    VRAM:     4018 MB
    Driver:   27.21.14.5671
Initialize mono
Mono path[0] = 'C:/2021.1.14f1/Editor/Data/Managed'
Mono path[1] = 'C:/2021.1.14f1/Editor/Data/MonoBleedingEdge/lib/mono/unityjit'
Mono config path = 'C:/2021.1.14f1/Editor/Data/MonoBleedingEdge/etc'
Using monoOptions --debugger-agent=transport=dt_socket,embedding=1,server=y,suspend=n,address=127.0.0.1:56356
Begin MonoManager ReloadAssembly
Registering precompiled unity dll's ...
Register platform support module: C:/2021.1.14f1/Editor/Data/PlaybackEngines/WebGLSupport/UnityEditor.WebGL.Extensions.dll
Register platform support module: C:/2021.1.14f1/Editor/Data/PlaybackEngines/WindowsStandaloneSupport/UnityEditor.WindowsStandalone.Extensions.dll
Registered in 0.004852 seconds.
Native extension for WindowsStandalone target not found
Native extension for WebGL target not found
Refreshing native plugins compatible for Editor in 102.19 ms, found 3 plugins.
Preloading 0 native plugins for Editor in 0.00 ms.
Mono: successfully reloaded assembly
- Completed reload, in  1.766 seconds
Domain Reload Profiling:
	ReloadAssembly (1766ms)
		BeginReloadAssembly (73ms)
			ExecutionOrderSort (0ms)
			DisableScriptedObjects (0ms)
			BackupInstance (0ms)
			ReleaseScriptingObjects (0ms)
			CreateAndSetChildDomain (1ms)
		EndReloadAssembly (580ms)
			LoadAssemblies (69ms)
			RebuildTransferFunctionScriptingTraits (0ms)
			SetupTypeCache (216ms)
			ReleaseScriptCaches (0ms)
			RebuildScriptCaches (36ms)
			SetupLoadedEditorAssemblies (268ms)
				LogAssemblyErrors (0ms)
				InitializePlatformSupportModulesInManaged (10ms)
				SetLoadedEditorAssemblies (0ms)
				RefreshPlugins (102ms)
				BeforeProcessingInitializeOnLoad (1ms)
				ProcessInitializeOnLoadAttributes (119ms)
				ProcessInitializeOnLoadMethodAttributes (35ms)
				AfterProcessingInitializeOnLoad (0ms)
				EditorAssembliesLoaded (0ms)
			ExecutionOrderSort2 (0ms)
			AwakeInstancesAfterBackupRestoration (0ms)
Platform modules already initialized, skipping
Registering precompiled user dll's ...
Registered in 0.011509 seconds.
Begin MonoManager ReloadAssembly
Symbol file LoadedFromMemory doesn't match image C:\Users\MrLeoking16\Desktop\Unity Projects\Unity Projects\Project Mecula\Library\PackageCache\com.unity.visualscripting@1.6.1\Editor\VisualScripting.Core\Dependencies\YamlDotNet\Unity.VisualScripting.YamlDotNet.dll
Symbol file LoadedFromMemory doesn't match image C:\Users\MrLeoking16\Desktop\Unity Projects\Unity Projects\Project Mecula\Library\PackageCache\com.unity.visualscripting@1.6.1\Editor\VisualScripting.Core\Dependencies\DotNetZip\Unity.VisualScripting.IonicZip.dll
Native extension for WindowsStandalone target not found
Native extension for WebGL target not found
Refreshing native plugins compatible for Editor in 0.72 ms, found 3 plugins.
Preloading 0 native plugins for Editor in 0.00 ms.
Mono: successfully reloaded assembly
- Completed reload, in  1.404 seconds
Domain Reload Profiling:
	ReloadAssembly (1405ms)
		BeginReloadAssembly (189ms)
			ExecutionOrderSort (0ms)
			DisableScriptedObjects (6ms)
			BackupInstance (0ms)
			ReleaseScriptingObjects (0ms)
			CreateAndSetChildDomain (24ms)
		EndReloadAssembly (1136ms)
			LoadAssemblies (132ms)
			RebuildTransferFunctionScriptingTraits (0ms)
			SetupTypeCache (423ms)
			ReleaseScriptCaches (1ms)
			RebuildScriptCaches (58ms)
			SetupLoadedEditorAssemblies (407ms)
				LogAssemblyErrors (0ms)
				InitializePlatformSupportModulesInManaged (7ms)
				SetLoadedEditorAssemblies (0ms)
				RefreshPlugins (1ms)
				BeforeProcessingInitializeOnLoad (91ms)
				ProcessInitializeOnLoadAttributes (288ms)
				ProcessInitializeOnLoadMethodAttributes (5ms)
				AfterProcessingInitializeOnLoad (13ms)
				EditorAssembliesLoaded (0ms)
			ExecutionOrderSort2 (0ms)
			AwakeInstancesAfterBackupRestoration (8ms)
Platform modules already initialized, skipping
========================================================================
Worker process is ready to serve import requests
Launched and connected shader compiler UnityShaderCompiler.exe after 0.05 seconds
Refreshing native plugins compatible for Editor in 0.97 ms, found 3 plugins.
Preloading 0 native plugins for Editor in 0.00 ms.
Unloading 3077 Unused Serialized files (Serialized files now loaded: 0)
System memory in use before: 119.8 MB.
System memory in use after: 119.7 MB.

Unloading 25 unused Assets to reduce memory usage. Loaded Objects now: 3528.
Total: 4.127800 ms (FindLiveObjects: 0.658600 ms CreateObjectMapping: 0.445000 ms MarkObjects: 2.707800 ms  DeleteObjects: 0.315000 ms)

AssetImportParameters requested are different than current active one (requested -> active):
  custom:framework-win-MediaFoundation: 216162199b28c13a410421893ffa2e32 -> 
  custom:video-decoder-ogg-theora: a1e56fd34408186e4bbccfd4996cb3dc -> 
  custom:container-muxer-webm: aa71ff27fc2769a1b78a27578f13a17b -> 
  custom:container-demuxer-webm: 4f35f7cbe854078d1ac9338744f61a02 -> 
  custom:container-demuxer-ogg: 62fdf1f143b41e24485cea50d1cbac27 -> 
  custom:video-encoder-webm-vp8: eb34c28f22e8b96e1ab97ce403110664 -> 
  custom:video-codec-MediaFoundation-h265: 746d11721c4dcdbdad8f713fa42b33f4 -> 
  custom:video-decoder-webm-vp8: 9c59270c3fd7afecdb556c50c9e8de78 -> 
  custom:audio-decoder-ogg-vorbis: bf7c407c2cedff20999df2af8eb42d56 -> 
  custom:audio-encoder-webm-vorbis: bf7c407c2cedff20999df2af8eb42d56 -> 
========================================================================
Received Import Request.
  path: Assets/2D_sci-fi_weapon/Sprites
  artifactKey: Guid(826a83d9696c85d4d86da14bb601dfce) Importer(815301076,1909f56bfc062723c751e8b465ee728b)
Start importing Assets/2D_sci-fi_weapon/Sprites using Guid(826a83d9696c85d4d86da14bb601dfce) Importer(815301076,1909f56bfc062723c751e8b465ee728b)  -> (artifact id: 'afc60dee905acfce6d745450c96bd71c') in 0.033874 seconds 
========================================================================
Received Import Request.
  Time since last request: 0.000312 seconds.
  path: Assets/2D_sci-fi_weapon/Sprites/red/knife_red.png
  artifactKey: Guid(7203dcb9e449d864db086d8ed15bb1d3) Importer(815301076,1909f56bfc062723c751e8b465ee728b)
Start importing Assets/2D_sci-fi_weapon/Sprites/red/knife_red.png using Guid(7203dcb9e449d864db086d8ed15bb1d3) Importer(815301076,1909f56bfc062723c751e8b465ee728b)  -> (artifact id: '536ac8c5af5452a06dc25fb56482cb2c') in 0.636668 seconds 
========================================================================
Received Import Request.
  Time since last request: 0.000403 seconds.
  path: Assets/2D_sci-fi_weapon/Sprites/red/armor_red.png
  artifactKey: Guid(41c6269ae4365074082bf64178013ca7) Importer(815301076,1909f56bfc062723c751e8b465ee728b)
Start importing Assets/2D_sci-fi_weapon/Sprites/red/armor_red.png using Guid(41c6269ae4365074082bf64178013ca7) Importer(815301076,1909f56bfc062723c751e8b465ee728b)  -> (artifact id: 'a7c69c27f8fd1985d60c7dc0957486e0') in 0.038273 seconds 
========================================================================
Received Import Request.
  Time since last request: 0.000230 seconds.
  path: Assets/2D_sci-fi_weapon/Sprites/red/grenade_red.png
  artifactKey: Guid(e568be018e22f84469331cdac9abc449) Importer(815301076,1909f56bfc062723c751e8b465ee728b)
Start importing Assets/2D_sci-fi_weapon/Sprites/red/grenade_red.png using Guid(e568be018e22f84469331cdac9abc449) Importer(815301076,1909f56bfc062723c751e8b465ee728b)  -> (artifact id: 'a47bb31a07953e39fa48cc8cde0478c9') in 0.021289 seconds 
========================================================================
Received Import Request.
  Time since last request: 0.000171 seconds.
  path: Assets/2D_sci-fi_weapon/Sprites/red/med_iso_red.png
  artifactKey: Guid(785b9dc773b7380468cdde7f3aa8afab) Importer(815301076,1909f56bfc062723c751e8b465ee728b)
Start importing Assets/2D_sci-fi_weapon/Sprites/red/med_iso_red.png using Guid(785b9dc773b7380468cdde7f3aa8afab) Importer(815301076,1909f56bfc062723c751e8b465ee728b)  -> (artifact id: '5691f0fd43a79fc1f5ee3d69f7d71f43') in 0.020749 seconds 
========================================================================
Received Import Request.
  Time since last request: 0.000170 seconds.
  path: Assets/2D_sci-fi_weapon/Sprites/red
  artifactKey: Guid(685529f3f7261304f8fb3f6f50d35907) Importer(815301076,1909f56bfc062723c751e8b465ee728b)
Start importing Assets/2D_sci-fi_weapon/Sprites/red using Guid(685529f3f7261304f8fb3f6f50d35907) Importer(815301076,1909f56bfc062723c751e8b465ee728b)  -> (artifact id: '87d19707d63b6c2963fd8ab67d01dcee') in 0.008627 seconds 
========================================================================
Received Import Request.
  Time since last request: 0.000225 seconds.
  path: Assets/2D_sci-fi_weapon/Sprites/red/gun_red.png
  artifactKey: Guid(2acb355f572e6b54fba005b011635023) Importer(815301076,1909f56bfc062723c751e8b465ee728b)
Start importing Assets/2D_sci-fi_weapon/Sprites/red/gun_red.png using Guid(2acb355f572e6b54fba005b011635023) Importer(815301076,1909f56bfc062723c751e8b465ee728b)  -> (artifact id: 'c3443052d12acc21b8b05a1558b8a871') in 0.021174 seconds 
========================================================================
Received Import Request.
  Time since last request: 0.000179 seconds.
  path: Assets/2D_sci-fi_weapon/Sprites/red/laser_red.png
  artifactKey: Guid(c2c5f0aac4d694b49a807f61f15baa85) Importer(815301076,1909f56bfc062723c751e8b465ee728b)
Start importing Assets/2D_sci-fi_weapon/Sprites/red/laser_red.png using Guid(c2c5f0aac4d694b49a807f61f15baa85) Importer(815301076,1909f56bfc062723c751e8b465ee728b)  -> (artifact id: 'ec36d12615199fa57b9f2b1880ab9757') in 0.042938 seconds 
========================================================================
Received Import Request.
  Time since last request: 0.000196 seconds.
  path: Assets/2D_sci-fi_weapon
  artifactKey: Guid(cf32f913a071d7149ac7597e479a89ae) Importer(815301076,1909f56bfc062723c751e8b465ee728b)
Start importing Assets/2D_sci-fi_weapon using Guid(cf32f913a071d7149ac7597e479a89ae) Importer(815301076,1909f56bfc062723c751e8b465ee728b)  -> (artifact id: '96c926d78f50911932b66670cfdd896a') in 0.011912 seconds 
========================================================================
Received Import Request.
  Time since last request: 0.000536 seconds.
  path: Assets/2D_sci-fi_weapon/Sprites/red/ammo_iso_red.png
  artifactKey: Guid(bbbbba1b9b4620140b1b0efb4da8bcd3) Importer(815301076,1909f56bfc062723c751e8b465ee728b)
Start importing Assets/2D_sci-fi_weapon/Sprites/red/ammo_iso_red.png using Guid(bbbbba1b9b4620140b1b0efb4da8bcd3) Importer(815301076,1909f56bfc062723c751e8b465ee728b)  -> (artifact id: '22f01a31576802e3ec242ef824eef3a8') in 0.025112 seconds 
========================================================================
Received Import Request.
  Time since last request: 0.000333 seconds.
  path: Assets/2D_sci-fi_weapon/Sprites/red/flamethrower_red.png
  artifactKey: Guid(c2fcf69ab9813504c973c921dc85789e) Importer(815301076,1909f56bfc062723c751e8b465ee728b)
Start importing Assets/2D_sci-fi_weapon/Sprites/red/flamethrower_red.png using Guid(c2fcf69ab9813504c973c921dc85789e) Importer(815301076,1909f56bfc062723c751e8b465ee728b)  -> (artifact id: '56892e03f4fee815b94ef08b152a9f9d') in 0.031182 seconds 
========================================================================
Received Import Request.
  Time since last request: 0.000239 seconds.
  path: Assets/2D_sci-fi_weapon/Sprites/red/missile_red.png
  artifactKey: Guid(9db457348ab3ed149b89b7e0604abc0a) Importer(815301076,1909f56bfc062723c751e8b465ee728b)
Start importing Assets/2D_sci-fi_weapon/Sprites/red/missile_red.png using Guid(9db457348ab3ed149b89b7e0604abc0a) Importer(815301076,1909f56bfc062723c751e8b465ee728b)  -> (artifact id: 'c51de9b1c1d4292a9c89ea8319754e2a') in 0.057757 seconds 
========================================================================
Received Import Request.
  Time since last request: 0.002690 seconds.
  path: Assets/2D_sci-fi_weapon/Sprites/red/armor_iso_red.png
  artifactKey: Guid(10b6458ce9990ee40875f6ad1c825d93) Importer(815301076,1909f56bfc062723c751e8b465ee728b)
Start importing Assets/2D_sci-fi_weapon/Sprites/red/armor_iso_red.png using Guid(10b6458ce9990ee40875f6ad1c825d93) Importer(815301076,1909f56bfc062723c751e8b465ee728b)  -> (artifact id: '7c7c368c55822ea073cd78e8e362b79f') in 0.030750 seconds 
========================================================================
Received Import Request.
  Time since last request: 0.000228 seconds.
  path: Assets/2D_sci-fi_weapon/Sprites/red/kit_red.png
  artifactKey: Guid(035e8399e8eb7c04ebca64bf8b4ef114) Importer(815301076,1909f56bfc062723c751e8b465ee728b)
Start importing Assets/2D_sci-fi_weapon/Sprites/red/kit_red.png using Guid(035e8399e8eb7c04ebca64bf8b4ef114) Importer(815301076,1909f56bfc062723c751e8b465ee728b)  -> (artifact id: 'bc3f4a00683f3da89ca4c321036b3296') in 0.029644 seconds 
========================================================================
Received Import Request.
  Time since last request: 0.000263 seconds.
  path: Assets/2D_sci-fi_weapon/Sprites/red/med_red.png
  artifactKey: Guid(66b43a0d2af2e8e4d9ae819ab4b78a6c) Importer(815301076,1909f56bfc062723c751e8b465ee728b)
Start importing Assets/2D_sci-fi_weapon/Sprites/red/med_red.png using Guid(66b43a0d2af2e8e4d9ae819ab4b78a6c) Importer(815301076,1909f56bfc062723c751e8b465ee728b)  -> (artifact id: 'ae444389ca9778eca9bd70c644040229') in 0.028841 seconds 
========================================================================
Received Import Request.
  Time since last request: 0.000233 seconds.
  path: Assets/2D_sci-fi_weapon/Sprites/red/machine_gun_red.png
  artifactKey: Guid(37ba816049212634087d9a146c278369) Importer(815301076,1909f56bfc062723c751e8b465ee728b)
Start importing Assets/2D_sci-fi_weapon/Sprites/red/machine_gun_red.png using Guid(37ba816049212634087d9a146c278369) Importer(815301076,1909f56bfc062723c751e8b465ee728b)  -> (artifact id: 'c199cc7c20d0a1af0e81aa34e4036e3a') in 0.031003 seconds 
========================================================================
Received Import Request.
  Time since last request: 0.000369 seconds.
  path: Assets/2D_sci-fi_weapon/Sprites/red/rocket _launcher_red.png
  artifactKey: Guid(2ebd3669dbaf9f142bd6b1444934a403) Importer(815301076,1909f56bfc062723c751e8b465ee728b)
Start importing Assets/2D_sci-fi_weapon/Sprites/red/rocket _launcher_red.png using Guid(2ebd3669dbaf9f142bd6b1444934a403) Importer(815301076,1909f56bfc062723c751e8b465ee728b)  -> (artifact id: 'fa4c1668c2e311dabbf25608172e0859') in 0.109199 seconds 
========================================================================
Received Import Request.
  Time since last request: 0.000183 seconds.
  path: Assets/2D_sci-fi_weapon/Sprites/red/blaster_red.png
  artifactKey: Guid(fdd2c921c62d2cd43b815fa60199d5de) Importer(815301076,1909f56bfc062723c751e8b465ee728b)
Start importing Assets/2D_sci-fi_weapon/Sprites/red/blaster_red.png using Guid(fdd2c921c62d2cd43b815fa60199d5de) Importer(815301076,1909f56bfc062723c751e8b465ee728b)  -> (artifact id: 'd6516eda65202efa4344694de9a2a26b') in 0.020512 seconds 
========================================================================
Received Import Request.
  Time since last request: 0.000253 seconds.
  path: Assets/2D_sci-fi_weapon/Sprites/red/ammo_red.png
  artifactKey: Guid(6c08e26225b0b464bbdef72ef86a786d) Importer(815301076,1909f56bfc062723c751e8b465ee728b)
Start importing Assets/2D_sci-fi_weapon/Sprites/red/ammo_red.png using Guid(6c08e26225b0b464bbdef72ef86a786d) Importer(815301076,1909f56bfc062723c751e8b465ee728b)  -> (artifact id: 'ec58ad44c9e095efa0698699f1445f90') in 0.019939 seconds 
========================================================================
Received Import Request.
  Time since last request: 13.218900 seconds.
  path: Assets/2D_sci-fi_weapon/Atlases
  artifactKey: Guid(74d4a025598c1e741bb6eba03b10bcc1) Importer(815301076,1909f56bfc062723c751e8b465ee728b)
Start importing Assets/2D_sci-fi_weapon/Atlases using Guid(74d4a025598c1e741bb6eba03b10bcc1) Importer(815301076,1909f56bfc062723c751e8b465ee728b)  -> (artifact id: '50dd8bf57ed462f53c04f4b328e61d8f') in 0.007732 seconds 
========================================================================
Received Import Request.
  Time since last request: 2.020354 seconds.
  path: Assets/2D_sci-fi_weapon/Atlases/PNG
  artifactKey: Guid(33a1355608721d34d88cc421d0aea48f) Importer(815301076,1909f56bfc062723c751e8b465ee728b)
Start importing Assets/2D_sci-fi_weapon/Atlases/PNG using Guid(33a1355608721d34d88cc421d0aea48f) Importer(815301076,1909f56bfc062723c751e8b465ee728b)  -> (artifact id: '52e0b1fc87f9936d5d2247d59f358267') in 0.009063 seconds 
========================================================================
Received Import Request.
  Time since last request: 0.099858 seconds.
  path: Assets/2D_sci-fi_weapon/Atlases/PNG/Atlas_blue.png
  artifactKey: Guid(2262f408278271248889a3ea3c7e75bf) Importer(815301076,1909f56bfc062723c751e8b465ee728b)
Start importing Assets/2D_sci-fi_weapon/Atlases/PNG/Atlas_blue.png using Guid(2262f408278271248889a3ea3c7e75bf) Importer(815301076,1909f56bfc062723c751e8b465ee728b)  -> (artifact id: 'bb9c5a361bd71ad2db7f7c9f4692bb55') in 0.112544 seconds 
========================================================================
Received Import Request.
  Time since last request: 0.000212 seconds.
  path: Assets/2D_sci-fi_weapon/Atlases/PNG/Atlas_orange.png
  artifactKey: Guid(3ad56d0daa98d8a41b2846a87a936e73) Importer(815301076,1909f56bfc062723c751e8b465ee728b)
Start importing Assets/2D_sci-fi_weapon/Atlases/PNG/Atlas_orange.png using Guid(3ad56d0daa98d8a41b2846a87a936e73) Importer(815301076,1909f56bfc062723c751e8b465ee728b)  -> (artifact id: 'f59e54a7080e78580e4657b56cf5f6be') in 0.056662 seconds 
========================================================================
Received Import Request.
  Time since last request: 0.000211 seconds.
  path: Assets/2D_sci-fi_weapon/Atlases/PNG/Atlas_green.png
  artifactKey: Guid(006f7f82ca50d224a993a4ca8304ad81) Importer(815301076,1909f56bfc062723c751e8b465ee728b)
Start importing Assets/2D_sci-fi_weapon/Atlases/PNG/Atlas_green.png using Guid(006f7f82ca50d224a993a4ca8304ad81) Importer(815301076,1909f56bfc062723c751e8b465ee728b)  -> (artifact id: 'ae807ef9b05ff0ddbac3e75024784432') in 0.055002 seconds 
========================================================================
Received Import Request.
  Time since last request: 0.000167 seconds.
  path: Assets/2D_sci-fi_weapon/Atlases/PNG/Atlas_red.png
  artifactKey: Guid(eeac123894a68534590c3197728fced1) Importer(815301076,1909f56bfc062723c751e8b465ee728b)
Start importing Assets/2D_sci-fi_weapon/Atlases/PNG/Atlas_red.png using Guid(eeac123894a68534590c3197728fced1) Importer(815301076,1909f56bfc062723c751e8b465ee728b)  -> (artifact id: '285ad187488ff8b0b03fcd57fe2feb18') in 0.053991 seconds 
========================================================================
Received Import Request.
  Time since last request: 0.000202 seconds.
  path: Assets/2D_sci-fi_weapon/Atlases/PNG/Atlas_purple.png
  artifactKey: Guid(393021b790fe7bd4484e9f84c76ad03e) Importer(815301076,1909f56bfc062723c751e8b465ee728b)
Start importing Assets/2D_sci-fi_weapon/Atlases/PNG/Atlas_purple.png using Guid(393021b790fe7bd4484e9f84c76ad03e) Importer(815301076,1909f56bfc062723c751e8b465ee728b)  -> (artifact id: '2ae3e7913de198f1cc0282f9f7205b31') in 0.055243 seconds 
========================================================================
Received Import Request.
  Time since last request: 10.021049 seconds.
  path: Assets/2D_sci-fi_weapon/Atlases/PSD
  artifactKey: Guid(9b0f6c9e235638149924fa1d509b36f8) Importer(815301076,1909f56bfc062723c751e8b465ee728b)
Start importing Assets/2D_sci-fi_weapon/Atlases/PSD using Guid(9b0f6c9e235638149924fa1d509b36f8) Importer(815301076,1909f56bfc062723c751e8b465ee728b)  -> (artifact id: '2095cbe220be4b7e52c67091befd4673') in 0.008032 seconds 
========================================================================
Received Import Request.
  Time since last request: 0.045653 seconds.
  path: Assets/2D_sci-fi_weapon/Atlases/PSD/Atlas_blue.psd
  artifactKey: Guid(4af8e58451156074b89fa31823288918) Importer(815301076,1909f56bfc062723c751e8b465ee728b)
Start importing Assets/2D_sci-fi_weapon/Atlases/PSD/Atlas_blue.psd using Guid(4af8e58451156074b89fa31823288918) Importer(815301076,1909f56bfc062723c751e8b465ee728b)  -> (artifact id: '28bd6246608c99f716e865154c9dd38a') in 0.086915 seconds 
========================================================================
Received Import Request.
  Time since last request: 0.000467 seconds.
  path: Assets/2D_sci-fi_weapon/Atlases/PSD/Atlas_green.psd
  artifactKey: Guid(4dd3a0d3bb32f494681d1d6c54cef45e) Importer(815301076,1909f56bfc062723c751e8b465ee728b)
Start importing Assets/2D_sci-fi_weapon/Atlases/PSD/Atlas_green.psd using Guid(4dd3a0d3bb32f494681d1d6c54cef45e) Importer(815301076,1909f56bfc062723c751e8b465ee728b)  -> (artifact id: '5728290308cf8b6d4da53fdd674913c6') in 0.023048 seconds 
========================================================================
Received Import Request.
  Time since last request: 0.000305 seconds.
  path: Assets/2D_sci-fi_weapon/Atlases/PSD/Atlas_red.psd
  artifactKey: Guid(e9813f8d003f0df428721189fbc72981) Importer(815301076,1909f56bfc062723c751e8b465ee728b)
Start importing Assets/2D_sci-fi_weapon/Atlases/PSD/Atlas_red.psd using Guid(e9813f8d003f0df428721189fbc72981) Importer(815301076,1909f56bfc062723c751e8b465ee728b)  -> (artifact id: 'f17e4db919da3caaf1cceeb8cbc248cd') in 0.021463 seconds 
========================================================================
Received Import Request.
  Time since last request: 0.000200 seconds.
  path: Assets/2D_sci-fi_weapon/Atlases/PSD/Atlas_purple.psd
  artifactKey: Guid(6d2817879e7cde741812d045f47e458d) Importer(815301076,1909f56bfc062723c751e8b465ee728b)
Start importing Assets/2D_sci-fi_weapon/Atlases/PSD/Atlas_purple.psd using Guid(6d2817879e7cde741812d045f47e458d) Importer(815301076,1909f56bfc062723c751e8b465ee728b)  -> (artifact id: 'e503d1048be5c2d5cbbe48cade19d401') in 0.019086 seconds 
========================================================================
Received Import Request.
  Time since last request: 0.000120 seconds.
  path: Assets/2D_sci-fi_weapon/Atlases/PSD/Atlas_orange.psd
  artifactKey: Guid(ba784bdfdb11646409fe34749e66b575) Importer(815301076,1909f56bfc062723c751e8b465ee728b)
Start importing Assets/2D_sci-fi_weapon/Atlases/PSD/Atlas_orange.psd using Guid(ba784bdfdb11646409fe34749e66b575) Importer(815301076,1909f56bfc062723c751e8b465ee728b)  -> (artifact id: '6fca8626a4237ab242e54b9e0d1262ac') in 0.018097 seconds 
========================================================================
Received Import Request.
  Time since last request: 13.571033 seconds.
  path: Assets/SampleScenes/Models
  artifactKey: Guid(92a62c583a2e8734d9a6018eec4d27fb) Importer(815301076,1909f56bfc062723c751e8b465ee728b)
Start importing Assets/SampleScenes/Models using Guid(92a62c583a2e8734d9a6018eec4d27fb) Importer(815301076,1909f56bfc062723c751e8b465ee728b)  -> (artifact id: 'ee485a6f187b098fc65605d10bc4b343') in 0.026912 seconds 
========================================================================
Received Import Request.
  Time since last request: 0.050656 seconds.
  path: Assets/SampleScenes/Models/Brick.fbx
  artifactKey: Guid(9ced0c52dc1504d4da20513052fdc602) Importer(815301076,1909f56bfc062723c751e8b465ee728b)
Start importing Assets/SampleScenes/Models/Brick.fbx using Guid(9ced0c52dc1504d4da20513052fdc602) Importer(815301076,1909f56bfc062723c751e8b465ee728b)  -> (artifact id: 'd06303eeec1317bf7266c70ffa938242') in 0.992046 seconds 
========================================================================
Received Import Request.
  Time since last request: 0.000254 seconds.
  path: Assets/SampleScenes/Models/PrimaryJumpRamp.fbx
  artifactKey: Guid(e5a593bc7144a6c45b7a3d4543355ec4) Importer(815301076,1909f56bfc062723c751e8b465ee728b)
Start importing Assets/SampleScenes/Models/PrimaryJumpRamp.fbx using Guid(e5a593bc7144a6c45b7a3d4543355ec4) Importer(815301076,1909f56bfc062723c751e8b465ee728b)  -> (artifact id: 'b9cb807643ff2dd8cb961d4babb0d2c7') in 0.173306 seconds 
========================================================================
Received Import Request.
  Time since last request: 0.000228 seconds.
  path: Assets/SampleScenes/Models/LaserBolt.fbx
  artifactKey: Guid(ee3f0b52fe10f194fb33c1423defa973) Importer(815301076,1909f56bfc062723c751e8b465ee728b)
Start importing Assets/SampleScenes/Models/LaserBolt.fbx using Guid(ee3f0b52fe10f194fb33c1423defa973) Importer(815301076,1909f56bfc062723c751e8b465ee728b)  -> (artifact id: '3d72a0417efb937b9349591f6e19656d') in 0.086345 seconds 
========================================================================
Received Import Request.
  Time since last request: 0.000286 seconds.
  path: Assets/SampleScenes/Models/GoalPosts.fbx
  artifactKey: Guid(dbd33ca8053b5cb4790c6766343d4fb9) Importer(815301076,1909f56bfc062723c751e8b465ee728b)
Start importing Assets/SampleScenes/Models/GoalPosts.fbx using Guid(dbd33ca8053b5cb4790c6766343d4fb9) Importer(815301076,1909f56bfc062723c751e8b465ee728b)  -> (artifact id: 'f2f9dec039fcf8de0a534d1bc3ce4a12') in 0.043049 seconds 
========================================================================
Received Import Request.
  Time since last request: 0.000229 seconds.
  path: Assets/SampleScenes/Models/GroundTrack.fbx
  artifactKey: Guid(2afa5a1773ca1f84f98c062866a8be55) Importer(815301076,1909f56bfc062723c751e8b465ee728b)
Start importing Assets/SampleScenes/Models/GroundTrack.fbx using Guid(2afa5a1773ca1f84f98c062866a8be55) Importer(815301076,1909f56bfc062723c751e8b465ee728b)  -> (artifact id: 'fcaa2ddc9917ace34c779428e25c63ec') in 0.556376 seconds 
========================================================================
Received Import Request.
  Time since last request: 0.000238 seconds.
  path: Assets/SampleScenes/Models/GroundRunway.FBX
  artifactKey: Guid(b02e63c7c24117e45acd64f6e5ede314) Importer(815301076,1909f56bfc062723c751e8b465ee728b)
Start importing Assets/SampleScenes/Models/GroundRunway.FBX using Guid(b02e63c7c24117e45acd64f6e5ede314) Importer(815301076,1909f56bfc062723c751e8b465ee728b)  -> (artifact id: '6566f1baca193bc49b3587f85d4e2ed3') in 0.102679 seconds 
========================================================================
Received Import Request.
  Time since last request: 0.000228 seconds.
  path: Assets/SampleScenes/Models/Pickup.fbx
  artifactKey: Guid(959be6347b65b7a4c9baa6bc323541fd) Importer(815301076,1909f56bfc062723c751e8b465ee728b)
Start importing Assets/SampleScenes/Models/Pickup.fbx using Guid(959be6347b65b7a4c9baa6bc323541fd) Importer(815301076,1909f56bfc062723c751e8b465ee728b)  -> (artifact id: 'b679045d7d7355b296c1a6c7c57883bf') in 0.065127 seconds 
========================================================================
Received Import Request.
  Time since last request: 0.000217 seconds.
  path: Assets/SampleScenes/Models/Ring.fbx
  artifactKey: Guid(ccb151eac4280a94c95575e12e56865a) Importer(815301076,1909f56bfc062723c751e8b465ee728b)
Start importing Assets/SampleScenes/Models/Ring.fbx using Guid(ccb151eac4280a94c95575e12e56865a) Importer(815301076,1909f56bfc062723c751e8b465ee728b)  -> (artifact id: 'f3f16ec6fd712c6e272432b31cf017ce') in 0.095429 seconds 
========================================================================
Received Import Request.
  Time since last request: 0.000334 seconds.
  path: Assets/SampleScenes/Models/Cube.fbx
  artifactKey: Guid(ef6178546f77bc546af127fb4c56da0c) Importer(815301076,1909f56bfc062723c751e8b465ee728b)
Start importing Assets/SampleScenes/Models/Cube.fbx using Guid(ef6178546f77bc546af127fb4c56da0c) Importer(815301076,1909f56bfc062723c751e8b465ee728b)  -> (artifact id: 'eef64003976561a3b207c17bc73090de') in 0.050892 seconds 
========================================================================
Received Import Request.
  Time since last request: 0.000218 seconds.
  path: Assets/SampleScenes/Models/Loop.fbx
  artifactKey: Guid(1d47ea6078c7f594e9aaf5f353bf61ba) Importer(815301076,1909f56bfc062723c751e8b465ee728b)
Start importing Assets/SampleScenes/Models/Loop.fbx using Guid(1d47ea6078c7f594e9aaf5f353bf61ba) Importer(815301076,1909f56bfc062723c751e8b465ee728b)  -> (artifact id: '16cfa0d7fe9f20c522950733a53a635c') in 0.038858 seconds 
========================================================================
Received Import Request.
  Time since last request: 0.000225 seconds.
  path: Assets/SampleScenes/Models/Platforms.fbx
  artifactKey: Guid(c35d6bf90f6954140bdbb6cd51b608ac) Importer(815301076,1909f56bfc062723c751e8b465ee728b)
Start importing Assets/SampleScenes/Models/Platforms.fbx using Guid(c35d6bf90f6954140bdbb6cd51b608ac) Importer(815301076,1909f56bfc062723c751e8b465ee728b)  -> (artifact id: '7026d886fc8778c87b2ce19745f359ea') in 0.041773 seconds 
========================================================================
Received Import Request.
  Time since last request: 0.000285 seconds.
  path: Assets/SampleScenes/Models/MiniRamps.fbx
  artifactKey: Guid(b87e14348acae3449a86167ae5521ac4) Importer(815301076,1909f56bfc062723c751e8b465ee728b)
Start importing Assets/SampleScenes/Models/MiniRamps.fbx using Guid(b87e14348acae3449a86167ae5521ac4) Importer(815301076,1909f56bfc062723c751e8b465ee728b)  -> (artifact id: '118acbe839cd0ff28a77ece82fec7c0a') in 0.036829 seconds 
========================================================================
Received Import Request.
  Time since last request: 0.000201 seconds.
  path: Assets/SampleScenes/Models/Platform.fbx
  artifactKey: Guid(41807bb6e4134a34aaf92fbad2e07bbc) Importer(815301076,1909f56bfc062723c751e8b465ee728b)
Start importing Assets/SampleScenes/Models/Platform.fbx using Guid(41807bb6e4134a34aaf92fbad2e07bbc) Importer(815301076,1909f56bfc062723c751e8b465ee728b)  -> (artifact id: '8eba6b50d8ca7994fbbae10930a382c0') in 0.064836 seconds 
========================================================================
Received Import Request.
  Time since last request: 0.000214 seconds.
  path: Assets/SampleScenes/Models/Pillar.fbx
  artifactKey: Guid(2f1a6a1aa4c4ac74096a01849d901a17) Importer(815301076,1909f56bfc062723c751e8b465ee728b)
Start importing Assets/SampleScenes/Models/Pillar.fbx using Guid(2f1a6a1aa4c4ac74096a01849d901a17) Importer(815301076,1909f56bfc062723c751e8b465ee728b)  -> (artifact id: '7fab9be6948d944f74a2f564a41c29ac') in 0.108084 seconds 
========================================================================
Received Import Request.
  Time since last request: 0.000259 seconds.
  path: Assets/SampleScenes/Models/GroundObstacles.FBX
  artifactKey: Guid(f57127cfcc32ab9419af130b6a9211fb) Importer(815301076,1909f56bfc062723c751e8b465ee728b)
Start importing Assets/SampleScenes/Models/GroundObstacles.FBX using Guid(f57127cfcc32ab9419af130b6a9211fb) Importer(815301076,1909f56bfc062723c751e8b465ee728b)  -> (artifact id: 'df64946f1f2590e7f59b16512ee66500') in 0.056981 seconds 
========================================================================
Received Import Request.
  Time since last request: 0.000184 seconds.
  path: Assets/SampleScenes/Models/RampElevated.fbx
  artifactKey: Guid(18dd8d7cbc4bc6a49ba9d26e2994c5bf) Importer(815301076,1909f56bfc062723c751e8b465ee728b)
Start importing Assets/SampleScenes/Models/RampElevated.fbx using Guid(18dd8d7cbc4bc6a49ba9d26e2994c5bf) Importer(815301076,1909f56bfc062723c751e8b465ee728b)  -> (artifact id: 'c14ed7fb0a43fef07b96b82fa4484e49') in 0.038192 seconds 
========================================================================
Received Import Request.
  Time since last request: 41.730471 seconds.
  path: Assets/SampleScenes/Materials/MauveSmooth.mat
  artifactKey: Guid(d2985de4f27bfa340a12c3ef95d47167) Importer(815301076,1909f56bfc062723c751e8b465ee728b)
Start importing Assets/SampleScenes/Materials/MauveSmooth.mat using Guid(d2985de4f27bfa340a12c3ef95d47167) Importer(815301076,1909f56bfc062723c751e8b465ee728b)  -> (artifact id: '7497c8e205a9fbb9f4c2206d1d730fe6') in 0.156466 seconds 
========================================================================
Received Import Request.
  Time since last request: 0.000316 seconds.
  path: Assets/SampleScenes/Materials/TurquoiseSmooth.mat
  artifactKey: Guid(735665606fda0c14cb12bc536aa26dc7) Importer(815301076,1909f56bfc062723c751e8b465ee728b)
Start importing Assets/SampleScenes/Materials/TurquoiseSmooth.mat using Guid(735665606fda0c14cb12bc536aa26dc7) Importer(815301076,1909f56bfc062723c751e8b465ee728b)  -> (artifact id: 'e5639d072f744efb21201c7aa7afd7ac') in 0.068520 seconds 
========================================================================
Received Import Request.
  Time since last request: 0.000199 seconds.
  path: Assets/SampleScenes/Materials/NavyDarkGrid.mat
  artifactKey: Guid(01c04496878436140922b19f5220712b) Importer(815301076,1909f56bfc062723c751e8b465ee728b)
Start importing Assets/SampleScenes/Materials/NavyDarkGrid.mat using Guid(01c04496878436140922b19f5220712b) Importer(815301076,1909f56bfc062723c751e8b465ee728b)  -> (artifact id: 'a13026151a44c25818ee9db42fe317a2') in 0.020262 seconds 
========================================================================
Received Import Request.
  Time since last request: 0.000208 seconds.
  path: Assets/SampleScenes/Materials/NavyGrid.mat
  artifactKey: Guid(297e3a11e7d07fc48b4f71056b4f927f) Importer(815301076,1909f56bfc062723c751e8b465ee728b)
Start importing Assets/SampleScenes/Materials/NavyGrid.mat using Guid(297e3a11e7d07fc48b4f71056b4f927f) Importer(815301076,1909f56bfc062723c751e8b465ee728b)  -> (artifact id: '31a94e56a8c520e095ada4eacde4f84d') in 0.019498 seconds 
========================================================================
Received Import Request.
  Time since last request: 0.000258 seconds.
  path: Assets/SampleScenes/Materials/TealSmooth.mat
  artifactKey: Guid(ee9f7b84e86227a4fadc5e7f42e84b97) Importer(815301076,1909f56bfc062723c751e8b465ee728b)
Start importing Assets/SampleScenes/Materials/TealSmooth.mat using Guid(ee9f7b84e86227a4fadc5e7f42e84b97) Importer(815301076,1909f56bfc062723c751e8b465ee728b)  -> (artifact id: 'dffc876d7a4f269f95df386c312940f7') in 0.100018 seconds 
========================================================================
Received Import Request.
  Time since last request: 0.000255 seconds.
  path: Assets/SampleScenes/Materials/NavySmooth.mat
  artifactKey: Guid(bccdb449802ea144b8709da9bac60356) Importer(815301076,1909f56bfc062723c751e8b465ee728b)
Start importing Assets/SampleScenes/Materials/NavySmooth.mat using Guid(bccdb449802ea144b8709da9bac60356) Importer(815301076,1909f56bfc062723c751e8b465ee728b)  -> (artifact id: '35be73dac7abbe62cc7d00902b2e5b96') in 0.018992 seconds 
========================================================================
Received Import Request.
  Time since last request: 0.000386 seconds.
  path: Assets/SampleScenes/Materials/WhiteSmooth.mat
  artifactKey: Guid(616853845a4a54949ac851f2f807aa2a) Importer(815301076,1909f56bfc062723c751e8b465ee728b)
Start importing Assets/SampleScenes/Materials/WhiteSmooth.mat using Guid(616853845a4a54949ac851f2f807aa2a) Importer(815301076,1909f56bfc062723c751e8b465ee728b)  -> (artifact id: '3e4e231986075785ea0fb7e5eba1f96d') in 0.019644 seconds 
========================================================================
Received Import Request.
  Time since last request: 0.000192 seconds.
  path: Assets/SampleScenes/Materials/PinkUnlit.mat
  artifactKey: Guid(a8934a77ad83e0f4a9e9d40b3917880b) Importer(815301076,1909f56bfc062723c751e8b465ee728b)
Start importing Assets/SampleScenes/Materials/PinkUnlit.mat using Guid(a8934a77ad83e0f4a9e9d40b3917880b) Importer(815301076,1909f56bfc062723c751e8b465ee728b)  -> (artifact id: '5694ab2137121b72f966cea40bef888b') in 0.058047 seconds 
========================================================================
Received Import Request.
  Time since last request: 0.000201 seconds.
  path: Assets/SampleScenes/Materials/SkyboxProcedural.mat
  artifactKey: Guid(bf1bf92a3ce592e40b898be6c21cc2fa) Importer(815301076,1909f56bfc062723c751e8b465ee728b)
Start importing Assets/SampleScenes/Materials/SkyboxProcedural.mat using Guid(bf1bf92a3ce592e40b898be6c21cc2fa) Importer(815301076,1909f56bfc062723c751e8b465ee728b)  -> (artifact id: '42e5adb720fb696fed23639ac1c24172') in 0.155761 seconds 
========================================================================
Received Import Request.
  Time since last request: 0.000201 seconds.
  path: Assets/SampleScenes/Materials/YellowSmooth.mat
  artifactKey: Guid(61bcea22404bda2469670dd9255037db) Importer(815301076,1909f56bfc062723c751e8b465ee728b)
Start importing Assets/SampleScenes/Materials/YellowSmooth.mat using Guid(61bcea22404bda2469670dd9255037db) Importer(815301076,1909f56bfc062723c751e8b465ee728b)  -> (artifact id: 'f0986ead4a3f3fbc916380d1c7d79ba0') in 0.017905 seconds 
========================================================================
Received Import Request.
  Time since last request: 0.000205 seconds.
  path: Assets/SampleScenes/Materials/NavyDarkSmooth.mat
  artifactKey: Guid(338dbf9d35df70d428453cc78f8eaa18) Importer(815301076,1909f56bfc062723c751e8b465ee728b)
Start importing Assets/SampleScenes/Materials/NavyDarkSmooth.mat using Guid(338dbf9d35df70d428453cc78f8eaa18) Importer(815301076,1909f56bfc062723c751e8b465ee728b)  -> (artifact id: '7f1f4ce1c5a4298640a9effd0ec4fc9b') in 0.038803 seconds 
========================================================================
Received Import Request.
  Time since last request: 0.000195 seconds.
  path: Assets/SampleScenes/Materials/OrangeSmooth.mat
  artifactKey: Guid(a24037aa2dae5b145b048dcaf948032a) Importer(815301076,1909f56bfc062723c751e8b465ee728b)
Start importing Assets/SampleScenes/Materials/OrangeSmooth.mat using Guid(a24037aa2dae5b145b048dcaf948032a) Importer(815301076,1909f56bfc062723c751e8b465ee728b)  -> (artifact id: '3583ee6ef0b8a94dcf461743ef601948') in 0.072722 seconds 
========================================================================
Received Import Request.
  Time since last request: 0.000203 seconds.
  path: Assets/SampleScenes/Materials/ParticleClouds.mat
  artifactKey: Guid(efb74a60b37f60a41add571d33f34fff) Importer(815301076,1909f56bfc062723c751e8b465ee728b)
Start importing Assets/SampleScenes/Materials/ParticleClouds.mat using Guid(efb74a60b37f60a41add571d33f34fff) Importer(815301076,1909f56bfc062723c751e8b465ee728b)  -> (artifact id: 'f6ca786ddb172af0cc378dff42a66bdc') in 0.135743 seconds 
========================================================================
Received Import Request.
  Time since last request: 0.000252 seconds.
  path: Assets/SampleScenes/Materials/PinkSmooth.mat
  artifactKey: Guid(9335c65f42a781d4c881b93bec5412b9) Importer(815301076,1909f56bfc062723c751e8b465ee728b)
Start importing Assets/SampleScenes/Materials/PinkSmooth.mat using Guid(9335c65f42a781d4c881b93bec5412b9) Importer(815301076,1909f56bfc062723c751e8b465ee728b)  -> (artifact id: '267e55faab3df611d2dded29b18264a5') in 0.089130 seconds 
========================================================================
Received Import Request.
  Time since last request: 0.000450 seconds.
  path: Assets/SampleScenes/Materials/WhiteUnlit.mat
  artifactKey: Guid(432d27f28c1251041bd6d1753602d5f0) Importer(815301076,1909f56bfc062723c751e8b465ee728b)
Start importing Assets/SampleScenes/Materials/WhiteUnlit.mat using Guid(432d27f28c1251041bd6d1753602d5f0) Importer(815301076,1909f56bfc062723c751e8b465ee728b)  -> (artifact id: '9f07588b1a1e672139add24c7785f57f') in 0.052529 seconds 
========================================================================
Received Import Request.
  Time since last request: 46.168418 seconds.
  path: Assets/SampleScenes/Prefabs
  artifactKey: Guid(139086bdd1c7fd84b81df0968a55ce2d) Importer(815301076,1909f56bfc062723c751e8b465ee728b)
Start importing Assets/SampleScenes/Prefabs using Guid(139086bdd1c7fd84b81df0968a55ce2d) Importer(815301076,1909f56bfc062723c751e8b465ee728b)  -> (artifact id: '3414039c43d6337b2791243f445f5cf7') in 0.032234 seconds 
========================================================================
Received Import Request.
  Time since last request: 0.048906 seconds.
  path: Assets/SampleScenes/Prefabs/Box.prefab
  artifactKey: Guid(d29ba28bd5caaed429838de8bac7be72) Importer(815301076,1909f56bfc062723c751e8b465ee728b)
Start importing Assets/SampleScenes/Prefabs/Box.prefab using Guid(d29ba28bd5caaed429838de8bac7be72) Importer(815301076,1909f56bfc062723c751e8b465ee728b)  -> (artifact id: 'ff70922c053629f861fbc126ebcf5927') in 0.083689 seconds 
========================================================================
Received Import Request.
  Time since last request: 0.000336 seconds.
  path: Assets/SampleScenes/Prefabs/BoxSmall.prefab
  artifactKey: Guid(75c27bf47f501a74fa5723911612c226) Importer(815301076,1909f56bfc062723c751e8b465ee728b)
Start importing Assets/SampleScenes/Prefabs/BoxSmall.prefab using Guid(75c27bf47f501a74fa5723911612c226) Importer(815301076,1909f56bfc062723c751e8b465ee728b)  -> (artifact id: 'bf2e186042fcfaa4a09b39c6d57b9917') in 0.029119 seconds 
========================================================================
Received Import Request.
  Time since last request: 0.000231 seconds.
  path: Assets/SampleScenes/Prefabs/CameraSwitchUI.prefab
  artifactKey: Guid(b3495d363d7ccba40bc3e92c1a184e28) Importer(815301076,1909f56bfc062723c751e8b465ee728b)
Start importing Assets/SampleScenes/Prefabs/CameraSwitchUI.prefab using Guid(b3495d363d7ccba40bc3e92c1a184e28) Importer(815301076,1909f56bfc062723c751e8b465ee728b)  -> (artifact id: '1b1d668943ef1b5092653542d18ddaa5') in 0.111171 seconds 
========================================================================
Received Import Request.
  Time since last request: 0.000404 seconds.
  path: Assets/SampleScenes/Prefabs/GoalPosts.prefab
  artifactKey: Guid(6df3f650b33fa604cb3f5923fa50d053) Importer(815301076,1909f56bfc062723c751e8b465ee728b)
Start importing Assets/SampleScenes/Prefabs/GoalPosts.prefab using Guid(6df3f650b33fa604cb3f5923fa50d053) Importer(815301076,1909f56bfc062723c751e8b465ee728b)  -> (artifact id: 'cd30e9aed4e148281db4b340a19e7b6d') in 0.022080 seconds 
========================================================================
Received Import Request.
  Time since last request: 0.000220 seconds.
  path: Assets/SampleScenes/Prefabs/GroundTrack.prefab
  artifactKey: Guid(f7afdcb1eabdee54790f55f84e3e4ac8) Importer(815301076,1909f56bfc062723c751e8b465ee728b)
Start importing Assets/SampleScenes/Prefabs/GroundTrack.prefab using Guid(f7afdcb1eabdee54790f55f84e3e4ac8) Importer(815301076,1909f56bfc062723c751e8b465ee728b)  -> (artifact id: '815e87de6f95a53090480fa3aeb44a2b') in 0.041217 seconds 
========================================================================
Received Import Request.
  Time since last request: 0.000216 seconds.
  path: Assets/SampleScenes/Prefabs/House.prefab
  artifactKey: Guid(cd3018213230a5c49a0e0f4609a10b9d) Importer(815301076,1909f56bfc062723c751e8b465ee728b)
Start importing Assets/SampleScenes/Prefabs/House.prefab using Guid(cd3018213230a5c49a0e0f4609a10b9d) Importer(815301076,1909f56bfc062723c751e8b465ee728b)  -> (artifact id: 'da160bbf0e468abc083cd4297bd5b053') in 0.063661 seconds 
========================================================================
Received Import Request.
  Time since last request: 0.000253 seconds.
  path: Assets/SampleScenes/Prefabs/Loop.prefab
  artifactKey: Guid(a2dd655bfef0f0849a2c33d8fb4a029c) Importer(815301076,1909f56bfc062723c751e8b465ee728b)
Start importing Assets/SampleScenes/Prefabs/Loop.prefab using Guid(a2dd655bfef0f0849a2c33d8fb4a029c) Importer(815301076,1909f56bfc062723c751e8b465ee728b)  -> (artifact id: 'd99fac88c8c106449c2ae0c7e06f5fea') in 0.089048 seconds 
========================================================================
Received Import Request.
  Time since last request: 0.000247 seconds.
  path: Assets/SampleScenes/Prefabs/Pillar.prefab
  artifactKey: Guid(d23a205aa0ed1234ba0a327f1232ff7e) Importer(815301076,1909f56bfc062723c751e8b465ee728b)
Start importing Assets/SampleScenes/Prefabs/Pillar.prefab using Guid(d23a205aa0ed1234ba0a327f1232ff7e) Importer(815301076,1909f56bfc062723c751e8b465ee728b)  -> (artifact id: '56c0393ce48989f5147981e948032ac6') in 0.032001 seconds 
========================================================================
Received Import Request.
  Time since last request: 0.000247 seconds.
  path: Assets/SampleScenes/Prefabs/ResetterUI.prefab
  artifactKey: Guid(28e490010bed5ea47a8a69e81bdd0c1c) Importer(815301076,1909f56bfc062723c751e8b465ee728b)
Start importing Assets/SampleScenes/Prefabs/ResetterUI.prefab using Guid(28e490010bed5ea47a8a69e81bdd0c1c) Importer(815301076,1909f56bfc062723c751e8b465ee728b)  -> (artifact id: '25b8692056a4ded43105ccf72ecefee3') in 0.010592 seconds 
========================================================================
Received Import Request.
  Time since last request: 0.000259 seconds.
  path: Assets/SampleScenes/Prefabs/SmashBoxes.prefab
  artifactKey: Guid(b592d2faa93e6ad46a6d520adf8f123e) Importer(815301076,1909f56bfc062723c751e8b465ee728b)
Start importing Assets/SampleScenes/Prefabs/SmashBoxes.prefab using Guid(b592d2faa93e6ad46a6d520adf8f123e) Importer(815301076,1909f56bfc062723c751e8b465ee728b)  -> (artifact id: 'afc05ece223ad67969caf4b3c6808bf7') in 0.111380 seconds 
========================================================================
Received Import Request.
  Time since last request: 0.000236 seconds.
  path: Assets/SampleScenes/Prefabs/Wall.prefab
  artifactKey: Guid(fef5fcb209dce49409117a24775dfcb3) Importer(815301076,1909f56bfc062723c751e8b465ee728b)
Start importing Assets/SampleScenes/Prefabs/Wall.prefab using Guid(fef5fcb209dce49409117a24775dfcb3) Importer(815301076,1909f56bfc062723c751e8b465ee728b)  -> (artifact id: '6ce24f8c6fe382eca890bf4e9b024956') in 0.023305 seconds 
========================================================================
Received Import Request.
  Time since last request: 0.000233 seconds.
  path: Assets/SampleScenes/Prefabs/MobileShaderReplacements.prefab
  artifactKey: Guid(76d89ae3180ce424ba0da8fc43e02035) Importer(815301076,1909f56bfc062723c751e8b465ee728b)
Start importing Assets/SampleScenes/Prefabs/MobileShaderReplacements.prefab using Guid(76d89ae3180ce424ba0da8fc43e02035) Importer(815301076,1909f56bfc062723c751e8b465ee728b)  -> (artifact id: '13b23da083d6be8ccff34b41d2e9acf7') in 0.012411 seconds 
========================================================================
Received Import Request.
  Time since last request: 0.000316 seconds.
  path: Assets/SampleScenes/Prefabs/LevelResetUI.prefab
  artifactKey: Guid(d2aaa8a2832d77144aa84d5d309ae2b3) Importer(815301076,1909f56bfc062723c751e8b465ee728b)
Start importing Assets/SampleScenes/Prefabs/LevelResetUI.prefab using Guid(d2aaa8a2832d77144aa84d5d309ae2b3) Importer(815301076,1909f56bfc062723c751e8b465ee728b)  -> (artifact id: 'b465f62aa1becd9d63721a3f2ae0dfac') in 0.036922 seconds 
========================================================================
Received Import Request.
  Time since last request: 0.000234 seconds.
  path: Assets/SampleScenes/Prefabs/Ring.prefab
  artifactKey: Guid(e9aa4b7def958e54bad9089e96b5a063) Importer(815301076,1909f56bfc062723c751e8b465ee728b)
Start importing Assets/SampleScenes/Prefabs/Ring.prefab using Guid(e9aa4b7def958e54bad9089e96b5a063) Importer(815301076,1909f56bfc062723c751e8b465ee728b)  -> (artifact id: '89220675d514d71cb55b984d017d9255') in 0.017143 seconds 
========================================================================
Received Import Request.
  Time since last request: 0.000231 seconds.
  path: Assets/SampleScenes/Prefabs/GroundArena.prefab
  artifactKey: Guid(2799e6cfaf283a84e883ca79ffce608e) Importer(815301076,1909f56bfc062723c751e8b465ee728b)
Start importing Assets/SampleScenes/Prefabs/GroundArena.prefab using Guid(2799e6cfaf283a84e883ca79ffce608e) Importer(815301076,1909f56bfc062723c751e8b465ee728b)  -> (artifact id: '00e27b5556f9babc1492eb231285a0d8') in 0.049662 seconds 
========================================================================
Received Import Request.
  Time since last request: 0.000289 seconds.
  path: Assets/SampleScenes/Prefabs/CameraSwitch.prefab
  artifactKey: Guid(fdc378243b95c2144aa66bfc382d1b75) Importer(815301076,1909f56bfc062723c751e8b465ee728b)
Start importing Assets/SampleScenes/Prefabs/CameraSwitch.prefab using Guid(fdc378243b95c2144aa66bfc382d1b75) Importer(815301076,1909f56bfc062723c751e8b465ee728b)  -> (artifact id: '08b71b1d30af31aed5878aaf4cd387fe') in 0.065355 seconds 
========================================================================
Received Import Request.
  Time since last request: 0.000296 seconds.
  path: Assets/SampleScenes/Prefabs/BoxPile.prefab
  artifactKey: Guid(ff3366103894bec429eeaa9b86b595e6) Importer(815301076,1909f56bfc062723c751e8b465ee728b)
Start importing Assets/SampleScenes/Prefabs/BoxPile.prefab using Guid(ff3366103894bec429eeaa9b86b595e6) Importer(815301076,1909f56bfc062723c751e8b465ee728b)  -> (artifact id: '9574aa22083193f7c3e162f8c398bf81') in 0.023003 seconds 
========================================================================
Received Import Request.
  Time since last request: 0.000276 seconds.
  path: Assets/SampleScenes/Prefabs/GroundObstacles.prefab
  artifactKey: Guid(95bbe2885334e3c46b79c3419edb469c) Importer(815301076,1909f56bfc062723c751e8b465ee728b)
Start importing Assets/SampleScenes/Prefabs/GroundObstacles.prefab using Guid(95bbe2885334e3c46b79c3419edb469c) Importer(815301076,1909f56bfc062723c751e8b465ee728b)  -> (artifact id: '01bcec5643303b5d01eb224a23422b04') in 0.024321 seconds 
========================================================================
Received Import Request.
  Time since last request: 0.000229 seconds.
  path: Assets/SampleScenes/Prefabs/GroundRunway.prefab
  artifactKey: Guid(00690c0e075198740bd736a4731c7a90) Importer(815301076,1909f56bfc062723c751e8b465ee728b)
Start importing Assets/SampleScenes/Prefabs/GroundRunway.prefab using Guid(00690c0e075198740bd736a4731c7a90) Importer(815301076,1909f56bfc062723c751e8b465ee728b)  -> (artifact id: 'ec1d5d85398ac8028094146573920a2e') in 0.022600 seconds 
========================================================================
Received Import Request.
  Time since last request: 0.000275 seconds.
  path: Assets/SampleScenes/Prefabs/Pickup.prefab
  artifactKey: Guid(2ed830309d1c9f640a65bf22d9060af1) Importer(815301076,1909f56bfc062723c751e8b465ee728b)
Start importing Assets/SampleScenes/Prefabs/Pickup.prefab using Guid(2ed830309d1c9f640a65bf22d9060af1) Importer(815301076,1909f56bfc062723c751e8b465ee728b)  -> (artifact id: 'c6ac97a52287f19d75c7bb382f690bc7') in 0.039681 seconds 
========================================================================
Received Import Request.
  Time since last request: 0.000872 seconds.
  path: Assets/SampleScenes/Prefabs/Sea.prefab
  artifactKey: Guid(92718a1040bbb9a4ab571265d9087f2b) Importer(815301076,1909f56bfc062723c751e8b465ee728b)
Start importing Assets/SampleScenes/Prefabs/Sea.prefab using Guid(92718a1040bbb9a4ab571265d9087f2b) Importer(815301076,1909f56bfc062723c751e8b465ee728b)  -> (artifact id: '29a1811e26a792be95964a1c5655bdbb') in 0.015747 seconds 
========================================================================
Received Import Request.
  Time since last request: 418.048702 seconds.
  path: Assets/SampleScenes/Menu
  artifactKey: Guid(48e4338a7d01577458bb723e3514edf1) Importer(815301076,1909f56bfc062723c751e8b465ee728b)
Start importing Assets/SampleScenes/Menu using Guid(48e4338a7d01577458bb723e3514edf1) Importer(815301076,1909f56bfc062723c751e8b465ee728b)  -> (artifact id: '9e0ab1988f0ede1e8baf02546ec333d9') in 0.008484 seconds 
========================================================================
Received Import Request.
  Time since last request: 1.007546 seconds.
  path: Assets/SampleScenes/Menu/Prefabs
  artifactKey: Guid(6885cbce09c6042ca97c42a227ef1b63) Importer(815301076,1909f56bfc062723c751e8b465ee728b)
Start importing Assets/SampleScenes/Menu/Prefabs using Guid(6885cbce09c6042ca97c42a227ef1b63) Importer(815301076,1909f56bfc062723c751e8b465ee728b)  -> (artifact id: '0f449d4fd6fb7826ea78bb8c7b56288e') in 0.005284 seconds 
========================================================================
Received Import Request.
  Time since last request: 0.112364 seconds.
  path: Assets/SampleScenes/Menu/Prefabs/EventSystem.prefab
  artifactKey: Guid(af6c1d82d375aa54c81180d14d62761e) Importer(815301076,1909f56bfc062723c751e8b465ee728b)
Start importing Assets/SampleScenes/Menu/Prefabs/EventSystem.prefab using Guid(af6c1d82d375aa54c81180d14d62761e) Importer(815301076,1909f56bfc062723c751e8b465ee728b)  -> (artifact id: '5d9311272ad1a4a345dd9be804c1c1a5') in 0.084918 seconds 
========================================================================
Received Import Request.
  Time since last request: 0.000725 seconds.
  path: Assets/SampleScenes/Menu/Prefabs/MainMenuUI.prefab
  artifactKey: Guid(2c438794b43b9534189eff0d7d79335a) Importer(815301076,1909f56bfc062723c751e8b465ee728b)
Start importing Assets/SampleScenes/Menu/Prefabs/MainMenuUI.prefab using Guid(2c438794b43b9534189eff0d7d79335a) Importer(815301076,1909f56bfc062723c751e8b465ee728b)  -> (artifact id: 'a9a00ad83e421ad8695f90666f4b6eed') in 0.199748 seconds 
========================================================================
Received Import Request.
  Time since last request: 0.000266 seconds.
  path: Assets/SampleScenes/Menu/Prefabs/MainMenuLoader.prefab
  artifactKey: Guid(9d86e6c6b9ce74f9ab00b6c214035130) Importer(815301076,1909f56bfc062723c751e8b465ee728b)
Start importing Assets/SampleScenes/Menu/Prefabs/MainMenuLoader.prefab using Guid(9d86e6c6b9ce74f9ab00b6c214035130) Importer(815301076,1909f56bfc062723c751e8b465ee728b)  -> (artifact id: 'f77a5705d440975da56c70537cf0b429') in 0.022395 seconds 
========================================================================
Received Import Request.
  Time since last request: 0.000222 seconds.
  path: Assets/SampleScenes/Menu/Prefabs/NetworkGameMenuUI.prefab
  artifactKey: Guid(da4ad5eaeea795c4c889dcf86db7ca39) Importer(815301076,1909f56bfc062723c751e8b465ee728b)
Start importing Assets/SampleScenes/Menu/Prefabs/NetworkGameMenuUI.prefab using Guid(da4ad5eaeea795c4c889dcf86db7ca39) Importer(815301076,1909f56bfc062723c751e8b465ee728b)  -> (artifact id: 'a45cac01e6ef971a41d4f01d37e0bb52') in 0.013236 seconds 
========================================================================
Received Import Request.
  Time since last request: 0.000228 seconds.
  path: Assets/SampleScenes/Menu/Prefabs/NetworkScoreBarUI.prefab
  artifactKey: Guid(3da1cd500d4e06d4bb56050e320d9b22) Importer(815301076,1909f56bfc062723c751e8b465ee728b)
Start importing Assets/SampleScenes/Menu/Prefabs/NetworkScoreBarUI.prefab using Guid(3da1cd500d4e06d4bb56050e320d9b22) Importer(815301076,1909f56bfc062723c751e8b465ee728b)  -> (artifact id: '820a7e438515d4bd94f3428ee4637ca8') in 0.024475 seconds 
========================================================================
Received Import Request.
  Time since last request: 4.746593 seconds.
  path: Assets/SampleScenes/Navmesh
  artifactKey: Guid(4014c75d332963b40a9724fb931da32e) Importer(815301076,1909f56bfc062723c751e8b465ee728b)
Start importing Assets/SampleScenes/Navmesh using Guid(4014c75d332963b40a9724fb931da32e) Importer(815301076,1909f56bfc062723c751e8b465ee728b)  -> (artifact id: '5279ff8564f965d7056c21cd9c266a7e') in 0.009471 seconds 
========================================================================
Received Import Request.
  Time since last request: 0.089248 seconds.
  path: Assets/SampleScenes/Navmesh/CarAI.asset
  artifactKey: Guid(552927ccf2fdad3428e89e5104d91912) Importer(815301076,1909f56bfc062723c751e8b465ee728b)
Start importing Assets/SampleScenes/Navmesh/CarAI.asset using Guid(552927ccf2fdad3428e89e5104d91912) Importer(815301076,1909f56bfc062723c751e8b465ee728b)  -> (artifact id: '5a9d649c807c9600288572f5b4d1fc1a') in 0.079945 seconds 
========================================================================
Received Import Request.
  Time since last request: 19.757366 seconds.
  path: Assets/SampleScenes/Scripts
  artifactKey: Guid(6b3da2c3291b36b4c9d431fad18e9b0f) Importer(815301076,1909f56bfc062723c751e8b465ee728b)
Start importing Assets/SampleScenes/Scripts using Guid(6b3da2c3291b36b4c9d431fad18e9b0f) Importer(815301076,1909f56bfc062723c751e8b465ee728b)  -> (artifact id: '6f604ca5bad9213fd615b30d0d19e73b') in 0.016330 seconds 
========================================================================
Received Import Request.
  Time since last request: 7.058088 seconds.
  path: Assets/SampleScenes/Scripts/SlowMoButton.cs
  artifactKey: Guid(a24b7aa9e2aea85489b4e8071ea81500) Importer(815301076,1909f56bfc062723c751e8b465ee728b)
Start importing Assets/SampleScenes/Scripts/SlowMoButton.cs using Guid(a24b7aa9e2aea85489b4e8071ea81500) Importer(815301076,1909f56bfc062723c751e8b465ee728b)  -> (artifact id: 'a28e01ed66b2ee04cbff5902d23c928a') in 0.105768 seconds 
========================================================================
Received Import Request.
  Time since last request: 2.456743 seconds.
  path: Assets/SampleScenes/Scripts/PlaceTargetWithMouse.cs
  artifactKey: Guid(8336d9bb1ba56ae49b0d343112f2a5f8) Importer(815301076,1909f56bfc062723c751e8b465ee728b)
Start importing Assets/SampleScenes/Scripts/PlaceTargetWithMouse.cs using Guid(8336d9bb1ba56ae49b0d343112f2a5f8) Importer(815301076,1909f56bfc062723c751e8b465ee728b)  -> (artifact id: 'fe120423e5de8f3f24141c1c391cb503') in 0.009415 seconds 
========================================================================
Received Import Request.
  Time since last request: 1.945634 seconds.
  path: Assets/SampleScenes/Scripts/ParticleSceneControls.cs
  artifactKey: Guid(acea13a76cc56d74db53fc5bc2d9d315) Importer(815301076,1909f56bfc062723c751e8b465ee728b)
Start importing Assets/SampleScenes/Scripts/ParticleSceneControls.cs using Guid(acea13a76cc56d74db53fc5bc2d9d315) Importer(815301076,1909f56bfc062723c751e8b465ee728b)  -> (artifact id: '75a5675f01a63511bc0df5f209c96e4d') in 0.007677 seconds 
========================================================================
Received Import Request.
  Time since last request: 0.716762 seconds.
  path: Assets/SampleScenes/Scripts/LevelReset.cs
  artifactKey: Guid(3d72a710d92c34e47beaa42373beec95) Importer(815301076,1909f56bfc062723c751e8b465ee728b)
Start importing Assets/SampleScenes/Scripts/LevelReset.cs using Guid(3d72a710d92c34e47beaa42373beec95) Importer(815301076,1909f56bfc062723c751e8b465ee728b)  -> (artifact id: '3db576c17e3272dab57359a3db9f6593') in 0.008046 seconds 
========================================================================
Received Import Request.
  Time since last request: 1.052417 seconds.
  path: Assets/SampleScenes/Scripts/CameraSwitch.cs
  artifactKey: Guid(92e373d5f05ca4f4b8ee311c44f4d801) Importer(815301076,1909f56bfc062723c751e8b465ee728b)
Start importing Assets/SampleScenes/Scripts/CameraSwitch.cs using Guid(92e373d5f05ca4f4b8ee311c44f4d801) Importer(815301076,1909f56bfc062723c751e8b465ee728b)  -> (artifact id: '7834101e536c9cb4581be861017376d3') in 0.003684 seconds 
========================================================================
Received Import Request.
  Time since last request: 13.648423 seconds.
  path: Assets/SampleScenes/Scenes
  artifactKey: Guid(26c0bbb8e6792b546bf28bbe08d7c96d) Importer(815301076,1909f56bfc062723c751e8b465ee728b)
Start importing Assets/SampleScenes/Scenes using Guid(26c0bbb8e6792b546bf28bbe08d7c96d) Importer(815301076,1909f56bfc062723c751e8b465ee728b)  -> (artifact id: '29f8b2d773b757a8835e29fd9ddb7b09') in 0.037417 seconds 
========================================================================
Received Import Request.
  Time since last request: 1.730541 seconds.
  path: Assets/SampleScenes/Scenes/2dCharacter.unity
  artifactKey: Guid(e64703861e6c7d748bab0c2dee48b08d) Importer(815301076,1909f56bfc062723c751e8b465ee728b)
Start importing Assets/SampleScenes/Scenes/2dCharacter.unity using Guid(e64703861e6c7d748bab0c2dee48b08d) Importer(815301076,1909f56bfc062723c751e8b465ee728b)  -> (artifact id: 'd7670b09dee083d1e9c342302b0cc87d') in 0.008347 seconds 
========================================================================
Received Import Request.
  Time since last request: 4.181398 seconds.
  path: Assets/SampleScenes/Scenes/CharacterFirstPerson.unity
  artifactKey: Guid(f2f18f678332b48458bb0e9c5ab081bf) Importer(815301076,1909f56bfc062723c751e8b465ee728b)
Start importing Assets/SampleScenes/Scenes/CharacterFirstPerson.unity using Guid(f2f18f678332b48458bb0e9c5ab081bf) Importer(815301076,1909f56bfc062723c751e8b465ee728b)  -> (artifact id: 'ea4e8719c9e1e25c2f361b04d921a282') in 0.008362 seconds 
========================================================================
Received Import Request.
  Time since last request: 1.573949 seconds.
  path: Assets/SampleScenes/Scenes/Car.unity
  artifactKey: Guid(41b8fdb98491fab48a0cd641d4c0e3b1) Importer(815301076,1909f56bfc062723c751e8b465ee728b)
Start importing Assets/SampleScenes/Scenes/Car.unity using Guid(41b8fdb98491fab48a0cd641d4c0e3b1) Importer(815301076,1909f56bfc062723c751e8b465ee728b)  -> (artifact id: '15892e2a0c9bfdf9ad1cc663093d355d') in 0.008160 seconds 
========================================================================
Received Import Request.
  Time since last request: 0.639956 seconds.
  path: Assets/SampleScenes/Scenes/AircraftPropellerAI.unity
  artifactKey: Guid(e1ee66940de9023479566432a1a00132) Importer(815301076,1909f56bfc062723c751e8b465ee728b)
Start importing Assets/SampleScenes/Scenes/AircraftPropellerAI.unity using Guid(e1ee66940de9023479566432a1a00132) Importer(815301076,1909f56bfc062723c751e8b465ee728b)  -> (artifact id: '91e32996437f68eb5e9a49c14ea30b43') in 0.039466 seconds 
========================================================================
Received Import Request.
  Time since last request: 0.794603 seconds.
  path: Assets/SampleScenes/Scenes/AircraftJet2Axis.unity
  artifactKey: Guid(1648d99da5b4a7c4582afcd4b5660f01) Importer(815301076,1909f56bfc062723c751e8b465ee728b)
Start importing Assets/SampleScenes/Scenes/AircraftJet2Axis.unity using Guid(1648d99da5b4a7c4582afcd4b5660f01) Importer(815301076,1909f56bfc062723c751e8b465ee728b)  -> (artifact id: 'a8e5c30dee413d596baf3899a9d9e7e4') in 0.008615 seconds 
========================================================================
Received Prepare
Registering precompiled user dll's ...
Registered in 0.011013 seconds.
Begin MonoManager ReloadAssembly
Symbol file LoadedFromMemory doesn't match image C:\Users\MrLeoking16\Desktop\Unity Projects\Unity Projects\Project Mecula\Library\PackageCache\com.unity.visualscripting@1.6.1\Editor\VisualScripting.Core\Dependencies\YamlDotNet\Unity.VisualScripting.YamlDotNet.dll
Symbol file LoadedFromMemory doesn't match image C:\Users\MrLeoking16\Desktop\Unity Projects\Unity Projects\Project Mecula\Library\PackageCache\com.unity.visualscripting@1.6.1\Editor\VisualScripting.Core\Dependencies\DotNetZip\Unity.VisualScripting.IonicZip.dll
Native extension for WindowsStandalone target not found
Native extension for WebGL target not found
Refreshing native plugins compatible for Editor in 0.69 ms, found 3 plugins.
Preloading 0 native plugins for Editor in 0.00 ms.
Mono: successfully reloaded assembly
- Completed reload, in  1.429 seconds
Domain Reload Profiling:
	ReloadAssembly (1430ms)
		BeginReloadAssembly (149ms)
			ExecutionOrderSort (0ms)
			DisableScriptedObjects (5ms)
			BackupInstance (0ms)
			ReleaseScriptingObjects (0ms)
			CreateAndSetChildDomain (43ms)
		EndReloadAssembly (1192ms)
			LoadAssemblies (128ms)
			RebuildTransferFunctionScriptingTraits (0ms)
			SetupTypeCache (427ms)
			ReleaseScriptCaches (1ms)
			RebuildScriptCaches (44ms)
			SetupLoadedEditorAssemblies (362ms)
				LogAssemblyErrors (0ms)
				InitializePlatformSupportModulesInManaged (7ms)
				SetLoadedEditorAssemblies (0ms)
				RefreshPlugins (1ms)
				BeforeProcessingInitializeOnLoad (72ms)
				ProcessInitializeOnLoadAttributes (263ms)
				ProcessInitializeOnLoadMethodAttributes (5ms)
				AfterProcessingInitializeOnLoad (13ms)
				EditorAssembliesLoaded (0ms)
			ExecutionOrderSort2 (0ms)
			AwakeInstancesAfterBackupRestoration (19ms)
Platform modules already initialized, skipping
Refreshing native plugins compatible for Editor in 0.73 ms, found 3 plugins.
Preloading 0 native plugins for Editor in 0.00 ms.
Unloading 3079 Unused Serialized files (Serialized files now loaded: 0)
System memory in use before: 193.0 MB.
System memory in use after: 192.9 MB.

Unloading 20 unused Assets to reduce memory usage. Loaded Objects now: 4009.
Total: 3.189800 ms (FindLiveObjects: 0.310800 ms CreateObjectMapping: 0.151900 ms MarkObjects: 2.458600 ms  DeleteObjects: 0.267300 ms)

AssetImportParameters requested are different than current active one (requested -> active):
  custom:framework-win-MediaFoundation: 216162199b28c13a410421893ffa2e32 -> 
  custom:video-decoder-ogg-theora: a1e56fd34408186e4bbccfd4996cb3dc -> 
  custom:container-muxer-webm: aa71ff27fc2769a1b78a27578f13a17b -> 
  custom:container-demuxer-webm: 4f35f7cbe854078d1ac9338744f61a02 -> 
  custom:container-demuxer-ogg: 62fdf1f143b41e24485cea50d1cbac27 -> 
  custom:video-encoder-webm-vp8: eb34c28f22e8b96e1ab97ce403110664 -> 
  custom:video-codec-MediaFoundation-h265: 746d11721c4dcdbdad8f713fa42b33f4 -> 
  custom:video-decoder-webm-vp8: 9c59270c3fd7afecdb556c50c9e8de78 -> 
  custom:audio-decoder-ogg-vorbis: bf7c407c2cedff20999df2af8eb42d56 -> 
  custom:audio-encoder-webm-vorbis: bf7c407c2cedff20999df2af8eb42d56 -> 
========================================================================
Received Import Request.
  Time since last request: 14.603506 seconds.
  path: Assets/SampleScenes/Scenes/CharacterThirdPersonAI
  artifactKey: Guid(c3ed31e3b158a9e4994bd4c23c947afb) Importer(815301076,1909f56bfc062723c751e8b465ee728b)
Start importing Assets/SampleScenes/Scenes/CharacterThirdPersonAI using Guid(c3ed31e3b158a9e4994bd4c23c947afb) Importer(815301076,1909f56bfc062723c751e8b465ee728b)  -> (artifact id: '19f8f2c04b4e0de0f2c0c6f47338aee1') in 0.011877 seconds 
========================================================================
Received Import Request.
  Time since last request: 0.067434 seconds.
  path: Assets/SampleScenes/Scenes/CharacterThirdPersonAI/NavMesh.asset
  artifactKey: Guid(16a894ad965db4c4b87f2774a6863f12) Importer(815301076,1909f56bfc062723c751e8b465ee728b)
Start importing Assets/SampleScenes/Scenes/CharacterThirdPersonAI/NavMesh.asset using Guid(16a894ad965db4c4b87f2774a6863f12) Importer(815301076,1909f56bfc062723c751e8b465ee728b)  -> (artifact id: 'aaa6a899c9a6035a818d8ca54a7c2f03') in 0.079638 seconds 
========================================================================
Received Import Request.
  Time since last request: 11.707636 seconds.
  path: Assets/SampleScenes/Scenes/CarAIWaypointBased.unity
  artifactKey: Guid(81ce53b350e0a3247ae838c0d57967ab) Importer(815301076,1909f56bfc062723c751e8b465ee728b)
Start importing Assets/SampleScenes/Scenes/CarAIWaypointBased.unity using Guid(81ce53b350e0a3247ae838c0d57967ab) Importer(815301076,1909f56bfc062723c751e8b465ee728b)  -> (artifact id: 'a958a00537260bed172247b70b3fcdb8') in 0.008369 seconds 
========================================================================
Received Import Request.
  Time since last request: 29.573736 seconds.
  path: Assets/SampleScenes/Scenes/CharacterThirdPerson.unity
  artifactKey: Guid(0cb5d44a4c963f145acdb0a0c95d9d1b) Importer(815301076,1909f56bfc062723c751e8b465ee728b)
Start importing Assets/SampleScenes/Scenes/CharacterThirdPerson.unity using Guid(0cb5d44a4c963f145acdb0a0c95d9d1b) Importer(815301076,1909f56bfc062723c751e8b465ee728b)  -> (artifact id: 'f5feeaecb1c6f672332112953f2b60ec') in 0.008648 seconds 
========================================================================
Received Import Request.
  Time since last request: 1.354684 seconds.
  path: Assets/SampleScenes/Scenes/CharacterThirdPersonAI.unity
  artifactKey: Guid(17382a6997de5bf4a9ca6c4830613498) Importer(815301076,1909f56bfc062723c751e8b465ee728b)
Start importing Assets/SampleScenes/Scenes/CharacterThirdPersonAI.unity using Guid(17382a6997de5bf4a9ca6c4830613498) Importer(815301076,1909f56bfc062723c751e8b465ee728b)  -> (artifact id: '5bdcd9db1ac903461d78d5b14b1bc50a') in 0.007795 seconds 
========================================================================
Received Import Request.
  Time since last request: 1.065530 seconds.
  path: Assets/SampleScenes/Scenes/Particles.unity
  artifactKey: Guid(9148cc7972b0bc848b21aef88468f740) Importer(815301076,1909f56bfc062723c751e8b465ee728b)
Start importing Assets/SampleScenes/Scenes/Particles.unity using Guid(9148cc7972b0bc848b21aef88468f740) Importer(815301076,1909f56bfc062723c751e8b465ee728b)  -> (artifact id: 'b55e6f8887541e4ac401a728b3917fb1') in 0.008051 seconds 
========================================================================
Received Import Request.
  Time since last request: 61.407895 seconds.
  path: Assets/SampleScenes/Scenes/AircraftPropeller4Axis.unity
  artifactKey: Guid(5bda8cddff6467b49826e3ff2a374f49) Importer(815301076,1909f56bfc062723c751e8b465ee728b)
Start importing Assets/SampleScenes/Scenes/AircraftPropeller4Axis.unity using Guid(5bda8cddff6467b49826e3ff2a374f49) Importer(815301076,1909f56bfc062723c751e8b465ee728b)  -> (artifact id: 'cd0975708855dd7fddb2b5f031cf0878') in 0.008457 seconds 
========================================================================
Received Import Request.
  Time since last request: 1.492650 seconds.
  path: Assets/SampleScenes/Scenes/AircraftJetAI.unity
  artifactKey: Guid(363861c29c39f0e4bb36d75975950302) Importer(815301076,1909f56bfc062723c751e8b465ee728b)
Start importing Assets/SampleScenes/Scenes/AircraftJetAI.unity using Guid(363861c29c39f0e4bb36d75975950302) Importer(815301076,1909f56bfc062723c751e8b465ee728b)  -> (artifact id: 'eb667ddfc651278dc5c163ac285038b0') in 0.008631 seconds 
========================================================================
Received Import Request.
  Time since last request: 353.322664 seconds.
  path: Assets/SampleScenes/Scenes/RollerBall.unity
  artifactKey: Guid(7eaa63fd5f544054c91b4364fe194584) Importer(815301076,1909f56bfc062723c751e8b465ee728b)
Start importing Assets/SampleScenes/Scenes/RollerBall.unity using Guid(7eaa63fd5f544054c91b4364fe194584) Importer(815301076,1909f56bfc062723c751e8b465ee728b)  -> (artifact id: 'eaf07d9d875449dc0b4deb38af979eda') in 0.008108 seconds 
========================================================================
Received Import Request.
  Time since last request: 15.994234 seconds.
  path: Assets/Scenes/SampleScene
  artifactKey: Guid(39572838f510463409cf81fd93476b91) Importer(815301076,1909f56bfc062723c751e8b465ee728b)
Start importing Assets/Scenes/SampleScene using Guid(39572838f510463409cf81fd93476b91) Importer(815301076,1909f56bfc062723c751e8b465ee728b)  -> (artifact id: '648f113bf947b62911c59992bdefbaa3') in 0.013948 seconds 
========================================================================
Received Import Request.
  Time since last request: 0.081431 seconds.
  path: Assets/Scenes/SampleScene/NavMesh.asset
  artifactKey: Guid(6667722d2c4a5384594e974a1a55c61a) Importer(815301076,1909f56bfc062723c751e8b465ee728b)
Start importing Assets/Scenes/SampleScene/NavMesh.asset using Guid(6667722d2c4a5384594e974a1a55c61a) Importer(815301076,1909f56bfc062723c751e8b465ee728b)  -> (artifact id: 'f2e1d05eb6febcf5138d94e19f8a74ed') in 0.011840 seconds 
========================================================================
Received Prepare
Registering precompiled user dll's ...
Registered in 0.013184 seconds.
Begin MonoManager ReloadAssembly
Symbol file LoadedFromMemory doesn't match image C:\Users\MrLeoking16\Desktop\Unity Projects\Unity Projects\Project Mecula\Library\PackageCache\com.unity.visualscripting@1.6.1\Editor\VisualScripting.Core\Dependencies\YamlDotNet\Unity.VisualScripting.YamlDotNet.dll
Symbol file LoadedFromMemory doesn't match image C:\Users\MrLeoking16\Desktop\Unity Projects\Unity Projects\Project Mecula\Library\PackageCache\com.unity.visualscripting@1.6.1\Editor\VisualScripting.Core\Dependencies\DotNetZip\Unity.VisualScripting.IonicZip.dll
Native extension for WindowsStandalone target not found
Native extension for WebGL target not found
Refreshing native plugins compatible for Editor in 0.71 ms, found 3 plugins.
Preloading 0 native plugins for Editor in 0.00 ms.
Mono: successfully reloaded assembly
- Completed reload, in  1.391 seconds
Domain Reload Profiling:
	ReloadAssembly (1391ms)
		BeginReloadAssembly (144ms)
			ExecutionOrderSort (0ms)
			DisableScriptedObjects (10ms)
			BackupInstance (0ms)
			ReleaseScriptingObjects (0ms)
			CreateAndSetChildDomain (44ms)
		EndReloadAssembly (1162ms)
			LoadAssemblies (154ms)
			RebuildTransferFunctionScriptingTraits (0ms)
			SetupTypeCache (462ms)
			ReleaseScriptCaches (1ms)
			RebuildScriptCaches (46ms)
			SetupLoadedEditorAssemblies (354ms)
				LogAssemblyErrors (0ms)
				InitializePlatformSupportModulesInManaged (7ms)
				SetLoadedEditorAssemblies (1ms)
				RefreshPlugins (1ms)
				BeforeProcessingInitializeOnLoad (72ms)
				ProcessInitializeOnLoadAttributes (256ms)
				ProcessInitializeOnLoadMethodAttributes (4ms)
				AfterProcessingInitializeOnLoad (13ms)
				EditorAssembliesLoaded (0ms)
			ExecutionOrderSort2 (0ms)
			AwakeInstancesAfterBackupRestoration (18ms)
Platform modules already initialized, skipping
Refreshing native plugins compatible for Editor in 0.72 ms, found 3 plugins.
Preloading 0 native plugins for Editor in 0.00 ms.
Unloading 3053 Unused Serialized files (Serialized files now loaded: 0)
System memory in use before: 192.1 MB.
System memory in use after: 192.0 MB.

Unloading 20 unused Assets to reduce memory usage. Loaded Objects now: 4012.
Total: 3.509100 ms (FindLiveObjects: 0.379100 ms CreateObjectMapping: 0.288800 ms MarkObjects: 2.589200 ms  DeleteObjects: 0.250800 ms)

AssetImportParameters requested are different than current active one (requested -> active):
  custom:framework-win-MediaFoundation: 216162199b28c13a410421893ffa2e32 -> 
  custom:video-decoder-ogg-theora: a1e56fd34408186e4bbccfd4996cb3dc -> 
  custom:container-muxer-webm: aa71ff27fc2769a1b78a27578f13a17b -> 
  custom:container-demuxer-webm: 4f35f7cbe854078d1ac9338744f61a02 -> 
  custom:container-demuxer-ogg: 62fdf1f143b41e24485cea50d1cbac27 -> 
  custom:video-encoder-webm-vp8: eb34c28f22e8b96e1ab97ce403110664 -> 
  custom:video-codec-MediaFoundation-h265: 746d11721c4dcdbdad8f713fa42b33f4 -> 
  custom:video-decoder-webm-vp8: 9c59270c3fd7afecdb556c50c9e8de78 -> 
  custom:audio-decoder-ogg-vorbis: bf7c407c2cedff20999df2af8eb42d56 -> 
  custom:audio-encoder-webm-vorbis: bf7c407c2cedff20999df2af8eb42d56 -> 
========================================================================
Received Import Request.
  Time since last request: 363.488961 seconds.
  path: Assets/RPG_FPS_game_assets_industrial
  artifactKey: Guid(8ddeff6b6b59b9a4bb807075f69481aa) Importer(815301076,1909f56bfc062723c751e8b465ee728b)
Start importing Assets/RPG_FPS_game_assets_industrial using Guid(8ddeff6b6b59b9a4bb807075f69481aa) Importer(815301076,1909f56bfc062723c751e8b465ee728b)  -> (artifact id: '12e22d2b0c9810a4de27d959d3c38f39') in 0.014267 seconds 
========================================================================
Received Import Request.
  Time since last request: 4.577624 seconds.
  path: Assets/RPG_FPS_game_assets_industrial/Assets_showcase_scene.unity
  artifactKey: Guid(a8f7c31154bcc5e409be7f1bb14f0b08) Importer(815301076,1909f56bfc062723c751e8b465ee728b)
Start importing Assets/RPG_FPS_game_assets_industrial/Assets_showcase_scene.unity using Guid(a8f7c31154bcc5e409be7f1bb14f0b08) Importer(815301076,1909f56bfc062723c751e8b465ee728b)  -> (artifact id: 'e10d13b77e0821f32cf898fd53b6fdf7') in 0.018007 seconds 
========================================================================
Received Import Request.
  Time since last request: 5.321183 seconds.
  path: Assets/RPG_FPS_game_assets_industrial/Map_v1
  artifactKey: Guid(94fdc5985e0a94447b36138bdb5bf898) Importer(815301076,1909f56bfc062723c751e8b465ee728b)
Start importing Assets/RPG_FPS_game_assets_industrial/Map_v1 using Guid(94fdc5985e0a94447b36138bdb5bf898) Importer(815301076,1909f56bfc062723c751e8b465ee728b)  -> (artifact id: '298a870b8bd9cb3be5d5f24112df31b3') in 0.007359 seconds 
========================================================================
Received Import Request.
  Time since last request: 0.114829 seconds.
  path: Assets/RPG_FPS_game_assets_industrial/Map_v1/LightingData.asset
  artifactKey: Guid(86e619b3dcff8dd448cdd6a2c17c1411) Importer(815301076,1909f56bfc062723c751e8b465ee728b)
Start importing Assets/RPG_FPS_game_assets_industrial/Map_v1/LightingData.asset using Guid(86e619b3dcff8dd448cdd6a2c17c1411) Importer(815301076,1909f56bfc062723c751e8b465ee728b) Lighting data asset LightingData is incompatible with the current Unity version. Please use Generate Lighting to rebuild the lighting data.  Realtime Global Illumination cannot be used until the lighting data is rebuilt.

 -> (artifact id: 'b75eb9e0d20cd4b34cbd446e09354e7a') in 0.018948 seconds 
========================================================================
Received Import Request.
  Time since last request: 0.000416 seconds.
  path: Assets/RPG_FPS_game_assets_industrial/Map_v1/Lightmap-0_comp_light.exr
  artifactKey: Guid(37469662d4db43e4284bbd48189ccaf8) Importer(815301076,1909f56bfc062723c751e8b465ee728b)
Start importing Assets/RPG_FPS_game_assets_industrial/Map_v1/Lightmap-0_comp_light.exr using Guid(37469662d4db43e4284bbd48189ccaf8) Importer(815301076,1909f56bfc062723c751e8b465ee728b)  -> (artifact id: 'dcaacf06de8dcc5090aaa4c4aa451f6a') in 0.075939 seconds 
========================================================================
Received Import Request.
  Time since last request: 0.000198 seconds.
  path: Assets/RPG_FPS_game_assets_industrial/Map_v1/ReflectionProbe-0.exr
  artifactKey: Guid(f9657b190c3ea31418ace8711de83b3a) Importer(815301076,1909f56bfc062723c751e8b465ee728b)
Start importing Assets/RPG_FPS_game_assets_industrial/Map_v1/ReflectionProbe-0.exr using Guid(f9657b190c3ea31418ace8711de83b3a) Importer(815301076,1909f56bfc062723c751e8b465ee728b)  -> (artifact id: '4d255f0607a0abec8af45e1b1a8ff91f') in 0.054037 seconds 
========================================================================
Received Import Request.
  Time since last request: 6.167554 seconds.
  path: Assets/RPG_FPS_game_assets_industrial/Map_v1.unity
  artifactKey: Guid(5a463281e6e238742a45430f11e82829) Importer(815301076,1909f56bfc062723c751e8b465ee728b)
Start importing Assets/RPG_FPS_game_assets_industrial/Map_v1.unity using Guid(5a463281e6e238742a45430f11e82829) Importer(815301076,1909f56bfc062723c751e8b465ee728b)  -> (artifact id: '0d6eafce53b19071f9edfdab043319a8') in 0.028894 seconds 
========================================================================
Received Prepare
Registering precompiled user dll's ...
Registered in 0.010460 seconds.
Begin MonoManager ReloadAssembly
Symbol file LoadedFromMemory doesn't match image C:\Users\MrLeoking16\Desktop\Unity Projects\Unity Projects\Project Mecula\Library\PackageCache\com.unity.visualscripting@1.6.1\Editor\VisualScripting.Core\Dependencies\YamlDotNet\Unity.VisualScripting.YamlDotNet.dll
Symbol file LoadedFromMemory doesn't match image C:\Users\MrLeoking16\Desktop\Unity Projects\Unity Projects\Project Mecula\Library\PackageCache\com.unity.visualscripting@1.6.1\Editor\VisualScripting.Core\Dependencies\DotNetZip\Unity.VisualScripting.IonicZip.dll
Native extension for WindowsStandalone target not found
Native extension for WebGL target not found
Refreshing native plugins compatible for Editor in 0.72 ms, found 3 plugins.
Preloading 0 native plugins for Editor in 0.00 ms.
Mono: successfully reloaded assembly
- Completed reload, in  1.301 seconds
Domain Reload Profiling:
	ReloadAssembly (1301ms)
		BeginReloadAssembly (148ms)
			ExecutionOrderSort (0ms)
			DisableScriptedObjects (8ms)
			BackupInstance (0ms)
			ReleaseScriptingObjects (0ms)
			CreateAndSetChildDomain (43ms)
		EndReloadAssembly (1058ms)
			LoadAssemblies (127ms)
			RebuildTransferFunctionScriptingTraits (0ms)
			SetupTypeCache (411ms)
			ReleaseScriptCaches (1ms)
			RebuildScriptCaches (43ms)
			SetupLoadedEditorAssemblies (345ms)
				LogAssemblyErrors (0ms)
				InitializePlatformSupportModulesInManaged (7ms)
				SetLoadedEditorAssemblies (0ms)
				RefreshPlugins (1ms)
				BeforeProcessingInitializeOnLoad (70ms)
				ProcessInitializeOnLoadAttributes (250ms)
				ProcessInitializeOnLoadMethodAttributes (5ms)
				AfterProcessingInitializeOnLoad (13ms)
				EditorAssembliesLoaded (0ms)
			ExecutionOrderSort2 (0ms)
			AwakeInstancesAfterBackupRestoration (18ms)
Platform modules already initialized, skipping
Refreshing native plugins compatible for Editor in 0.76 ms, found 3 plugins.
Preloading 0 native plugins for Editor in 0.00 ms.
Unloading 3055 Unused Serialized files (Serialized files now loaded: 0)
System memory in use before: 198.7 MB.
System memory in use after: 198.6 MB.

Unloading 20 unused Assets to reduce memory usage. Loaded Objects now: 4050.
Total: 3.855000 ms (FindLiveObjects: 0.370200 ms CreateObjectMapping: 0.287000 ms MarkObjects: 2.913000 ms  DeleteObjects: 0.283800 ms)

AssetImportParameters requested are different than current active one (requested -> active):
  custom:framework-win-MediaFoundation: 216162199b28c13a410421893ffa2e32 -> 
  custom:video-decoder-ogg-theora: a1e56fd34408186e4bbccfd4996cb3dc -> 
  custom:container-muxer-webm: aa71ff27fc2769a1b78a27578f13a17b -> 
  custom:container-demuxer-webm: 4f35f7cbe854078d1ac9338744f61a02 -> 
  custom:container-demuxer-ogg: 62fdf1f143b41e24485cea50d1cbac27 -> 
  custom:video-encoder-webm-vp8: eb34c28f22e8b96e1ab97ce403110664 -> 
  custom:video-codec-MediaFoundation-h265: 746d11721c4dcdbdad8f713fa42b33f4 -> 
  custom:video-decoder-webm-vp8: 9c59270c3fd7afecdb556c50c9e8de78 -> 
  custom:audio-decoder-ogg-vorbis: bf7c407c2cedff20999df2af8eb42d56 -> 
  custom:audio-encoder-webm-vorbis: bf7c407c2cedff20999df2af8eb42d56 -> 
AssetImportWorkerClient::OnTransportError - code=2 error=End of file
